<?xml version="1.0" encoding="UTF-8"?>
<testsuite xmlns:xsi="http://www.w3.org/2001/XMLSchema-instance" xsi:noNamespaceSchemaLocation="https://maven.apache.org/surefire/maven-surefire-plugin/xsd/surefire-test-report.xsd" name="BinaryCalculatorTest" time="0.042" tests="4" errors="0" skipped="0" failures="0">
  <properties>
[...]
</properties>
  <testcase name="binaryAdd" classname="BinaryCalculatorTest" time="0.019"/>
  <testcase name="binaryDivide" classname="BinaryCalculatorTest" time="0.003"/>
  <testcase name="binaryMultiply" classname="BinaryCalculatorTest" time="0.002"/>
  <testcase name="binarySubtract" classname="BinaryCalculatorTest" time="0.003"/>
</testsuite>